robertovicario@robertovicario-X55A:~/Scrivania/cpp-consistent-hashing-algorithms$ cd build
robertovicario@robertovicario-X55A:~/Scrivania/cpp-consistent-hashing-algorithms/build$ ./speed_test dx 1000000 1000000 20000
 1000000 dx.txt
Algorithm: dx, AnchorSet: 1000000, WorkingSet: 1000000, NumRemovals: 20000, NumKeys: 1000000, ResFileName: dx.txt, Random: rand()
   @StartBenchmark: Allocations: 0, Allocated: 0, Deallocations: 0, Deallocated: 0, Maximum: 0
   @AfterAlgorithmInit: Allocations: 1, Allocated: 125000, Deallocations: 0, Deallocated: 0, Maximum: 125000
   @AfterRemovals: Allocations: 1, Allocated: 125000, Deallocations: 0, Deallocated: 0, Maximum: 125000
   @EndBenchmark: Allocations: 1, Allocated: 125000, Deallocations: 0, Deallocated: 0, Maximum: 125000
DxEngine Elapsed time is 0.05425 seconds, maximum heap allocated memory is 125000 bytes, sizeof(DxEngine) is 64
robertovicario@robertovicario-X55A:~/Scrivania/cpp-consistent-hashing-algorithms/build$ ./balance dx 1000000 1000000 20000 10
00000 dx.txt
Algorithm: dx, AnchorSet: 1000000, WorkingSet: 1000000, NumRemovals: 20000, NumKeys: 1000000, ResFileName: dx.txt
DxEngine: LB is 8.82

robertovicario@robertovicario-X55A:~/Scrivania/cpp-consistent-hashing-algorithms/build$ ./monotonicity dx 1000000 1000000 100
0 1000000 dx.txt
Algorithm: dx, AnchorSet: 1000000, WorkingSet: 1000000, NumRemovals: 1000, NumKeys: 1000000, ResFileName: dx.txt
Done determining initial assignment of 1000000 unique keys
Removed node 58844
DxEngine: after removal misplaced keys are 0% (0 keys out of 1000000)
Added node 386977
(After Add) Misplaced key 1667326749,1832643858: before in bucket 361002, now in bucket 386977 (status? old bucket 1, new bucket 1)
(After Add) Misplaced key 1687303397,1220342271: before in bucket 58844, now in bucket 866518 (status? old bucket 0, new bucket 1)
(After Add) Misplaced key 1732614397,416036949: before in bucket 155418, now in bucket 386977 (status? old bucket 1, new bucket 1)
DxEngine: after adding back misplaced keys are 0.00030000000000000003% (3 keys out of 1000000)