Detecting compiler hash for triplet x64-linux...
The following packages will be built and installed:
  * boost-assert:x64-linux -> 1.83.0
  * boost-config:x64-linux -> 1.83.0
  * boost-container-hash:x64-linux -> 1.83.0
  * boost-core:x64-linux -> 1.83.0
  * boost-describe:x64-linux -> 1.83.0
  * boost-move:x64-linux -> 1.83.0
  * boost-mp11:x64-linux -> 1.83.0
  * boost-predef:x64-linux -> 1.83.0
  * boost-preprocessor:x64-linux -> 1.83.0
  * boost-static-assert:x64-linux -> 1.83.0
  * boost-throw-exception:x64-linux -> 1.83.0
  * boost-tuple:x64-linux -> 1.83.0
  * boost-type-traits:x64-linux -> 1.83.0
  * boost-uninstall:x64-linux -> 1.83.0
    boost-unordered:x64-linux -> 1.83.0
  * boost-vcpkg-helpers:x64-linux -> 1.83.0
    cxxopts:x64-linux -> 3.1.1
    fmt:x64-linux -> 10.1.1
    gtl:x64-linux -> 1.1.8
    pcg:x64-linux -> 2021-04-06#2
  * vcpkg-cmake:x64-linux -> 2023-05-04
  * vcpkg-cmake-config:x64-linux -> 2022-02-06#1
    xxhash:x64-linux -> 0.8.2
Additional packages (*) will be modified to complete this operation.
Restored 23 package(s) from /home/robertovicario/.cache/vcpkg/archives in 571 ms. Use --debug to see more details.
Installing 1/23 boost-uninstall:x64-linux...
Elapsed time to handle boost-uninstall:x64-linux: 986 us
Installing 2/23 boost-vcpkg-helpers:x64-linux...
Elapsed time to handle boost-vcpkg-helpers:x64-linux: 668 us
Installing 3/23 boost-config:x64-linux...
Elapsed time to handle boost-config:x64-linux: 8.33 ms
Installing 4/23 boost-static-assert:x64-linux...
Elapsed time to handle boost-static-assert:x64-linux: 4.87 ms
Installing 5/23 boost-type-traits:x64-linux...
Elapsed time to handle boost-type-traits:x64-linux: 6.7 ms
Installing 6/23 boost-assert:x64-linux...
Elapsed time to handle boost-assert:x64-linux: 5.56 ms
Installing 7/23 boost-throw-exception:x64-linux...
Elapsed time to handle boost-throw-exception:x64-linux: 5.71 ms
Installing 8/23 boost-core:x64-linux...
Elapsed time to handle boost-core:x64-linux: 3.31 ms
Installing 9/23 boost-tuple:x64-linux...
Elapsed time to handle boost-tuple:x64-linux: 1.63 ms
Installing 10/23 boost-preprocessor:x64-linux...
Elapsed time to handle boost-preprocessor:x64-linux: 18.3 ms
Installing 11/23 boost-predef:x64-linux...
Elapsed time to handle boost-predef:x64-linux: 12.3 ms
Installing 12/23 boost-mp11:x64-linux...
Elapsed time to handle boost-mp11:x64-linux: 7.03 ms
Installing 13/23 boost-move:x64-linux...
Elapsed time to handle boost-move:x64-linux: 3.33 ms
Installing 14/23 boost-describe:x64-linux...
Elapsed time to handle boost-describe:x64-linux: 2.63 ms
Installing 15/23 boost-container-hash:x64-linux...
Elapsed time to handle boost-container-hash:x64-linux: 2.89 ms
Installing 16/23 boost-unordered:x64-linux...
Elapsed time to handle boost-unordered:x64-linux: 4.2 ms
Installing 17/23 vcpkg-cmake-config:x64-linux...
Elapsed time to handle vcpkg-cmake-config:x64-linux: 3.45 ms
Installing 18/23 vcpkg-cmake:x64-linux...
Elapsed time to handle vcpkg-cmake:x64-linux: 3.03 ms
Installing 19/23 cxxopts:x64-linux...
Elapsed time to handle cxxopts:x64-linux: 4.73 ms
Installing 20/23 fmt:x64-linux...
Elapsed time to handle fmt:x64-linux: 3.14 ms
Installing 21/23 gtl:x64-linux...
Elapsed time to handle gtl:x64-linux: 2.83 ms
Installing 22/23 pcg:x64-linux...
Elapsed time to handle pcg:x64-linux: 2.38 ms
Installing 23/23 xxhash:x64-linux...
Elapsed time to handle xxhash:x64-linux: 2.75 ms
Total install time: 111 ms
The package boost is compatible with built-in CMake targets:

    find_package(Boost REQUIRED [COMPONENTS <libs>...])
    target_link_libraries(main PRIVATE Boost::boost Boost::<lib1> Boost::<lib2> ...)

cxxopts provides CMake targets:

  # this is heuristically generated, and may not be correct
  find_package(cxxopts CONFIG REQUIRED)
  target_link_libraries(main PRIVATE cxxopts::cxxopts)

The package fmt provides CMake targets:

    find_package(fmt CONFIG REQUIRED)
    target_link_libraries(main PRIVATE fmt::fmt)

    # Or use the header-only version
    find_package(fmt CONFIG REQUIRED)
    target_link_libraries(main PRIVATE fmt::fmt-header-only)

gtl is header-only and can be used from CMake via:

    find_path(GTL_INCLUDE_DIRS "gtl/adv_utils.hpp")
    target_include_directories(main PRIVATE ${GTL_INCLUDE_DIRS})

pcg is header-only and can be used from CMake via:

    find_path(PCG_INCLUDE_DIRS "pcg_extras.hpp")
    target_include_directories(main PRIVATE ${PCG_INCLUDE_DIRS})

xxhash provides CMake targets:

  # this is heuristically generated, and may not be correct
  find_package(xxHash CONFIG REQUIRED)
  target_link_libraries(main PRIVATE xxHash::xxhash)

